<component name="libraryTable">
  <library name="junit standalone and jupiter file checker">
    <CLASSES>
      <root url="jar://$PROJECT_DIR$/java/Java/junit standalone and jupiter file checker/apiguardian-api-1.1.2.jar!/" />
      <root url="jar://$PROJECT_DIR$/java/Java/junit standalone and jupiter file checker/junit-jupiter-api-5.11.3.jar!/" />
      <root url="jar://$PROJECT_DIR$/java/Java/junit standalone and jupiter file checker/junit-platform-console-standalone-1.11.3.jar!/" />
      <root url="jar://$PROJECT_DIR$/java/Java/junit standalone and jupiter file checker/opentest4j-1.3.0.jar!/" />
      <root url="jar://$PROJECT_DIR$/java/Java/junit standalone and jupiter file checker/junit-platform-commons-1.11.3.jar!/" />
    </CLASSES>
    <JAVADOC />
    <SOURCES />
  </library>
</component>